This is ApacheBench, Version 2.3 <$Revision: 1879490 $>
Copyright 1996 Adam Twiss, Zeus Technology Ltd, http://www.zeustech.net/
Licensed to The Apache Software Foundation, http://www.apache.org/

Benchmarking 0.0.0.0 (be patient)


Server Software:        myserver/1.0
Server Hostname:        0.0.0.0
Server Port:            9443
SSL/TLS Protocol:       TLSv1.2,ECDHE-RSA-AES256-GCM-SHA384,2048,256
Server Temp Key:        X25519 253 bits

Document Path:          /
Document Length:        Variable

Concurrency Level:      100
Time taken for tests:   122.627 seconds
Complete requests:      1000
Failed requests:        0
Total transferred:      134799 bytes
HTML transferred:       32095 bytes
Requests per second:    8.15 [#/sec] (mean)
Time per request:       12262.738 [ms] (mean)
Time per request:       122.627 [ms] (mean, across all concurrent requests)
Transfer rate:          1.07 [Kbytes/sec] received

Connection Times (ms)
              min  mean[+/-sd] median   max
Connect:        0 1485 4958.3    220   68956
Processing:     3 10377 33511.3    286  121710
Waiting:        0  259 220.7    210    1179
Total:         10 11862 33436.4    790  121710

Percentage of the requests served within a certain time (ms)
  50%    790
  66%   1421
  75%   1919
  80%   3264
  90%  16371
  95%  121705
  98%  121710
  99%  121710
 100%  121710 (longest request)
