This is ApacheBench, Version 2.3 <$Revision: 1879490 $>
Copyright 1996 Adam Twiss, Zeus Technology Ltd, http://www.zeustech.net/
Licensed to The Apache Software Foundation, http://www.apache.org/

Benchmarking 0.0.0.0 (be patient)


Server Software:        myserver/1.0
Server Hostname:        0.0.0.0
Server Port:            9443
SSL/TLS Protocol:       TLSv1.2,ECDHE-RSA-AES256-GCM-SHA384,2048,256
Server Temp Key:        X25519 253 bits

Document Path:          /
Document Length:        Variable

Concurrency Level:      50
Time taken for tests:   146.177 seconds
Complete requests:      1000
Failed requests:        0
Total transferred:      142002 bytes
HTML transferred:       33810 bytes
Requests per second:    6.84 [#/sec] (mean)
Time per request:       7308.830 [ms] (mean)
Time per request:       146.177 [ms] (mean, across all concurrent requests)
Transfer rate:          0.95 [Kbytes/sec] received

Connection Times (ms)
              min  mean[+/-sd] median   max
Connect:        0 1523 5146.9    314   65612
Processing:     1 4030 19674.0    291  108839
Waiting:        0  311 255.4    246    1246
Total:          6 5553 20070.1    820  108839

Percentage of the requests served within a certain time (ms)
  50%    820
  66%   1353
  75%   1761
  80%   2104
  90%   4314
  95%  16876
  98%  108836
  99%  108838
 100%  108839 (longest request)
