This is ApacheBench, Version 2.3 <$Revision: 1879490 $>
Copyright 1996 Adam Twiss, Zeus Technology Ltd, http://www.zeustech.net/
Licensed to The Apache Software Foundation, http://www.apache.org/

Benchmarking 0.0.0.0 (be patient)


Server Software:        myserver/1.0
Server Hostname:        0.0.0.0
Server Port:            9443
SSL/TLS Protocol:       TLSv1.2,ECDHE-RSA-AES256-GCM-SHA384,2048,256
Server Temp Key:        X25519 253 bits

Document Path:          /
Document Length:        Variable

Concurrency Level:      200
Time taken for tests:   111.105 seconds
Complete requests:      1000
Failed requests:        0
Total transferred:      124362 bytes
HTML transferred:       29610 bytes
Requests per second:    9.00 [#/sec] (mean)
Time per request:       22220.959 [ms] (mean)
Time per request:       111.105 [ms] (mean, across all concurrent requests)
Transfer rate:          1.09 [Kbytes/sec] received

Connection Times (ms)
              min  mean[+/-sd] median   max
Connect:        0 1284 3679.5    183   32147
Processing:     3 17349 40008.5    305  111088
Waiting:        0  230 217.0    172    1055
Total:         12 18633 39632.3   1020  111088

Percentage of the requests served within a certain time (ms)
  50%   1020
  66%   1765
  75%   3710
  80%   7561
  90%  111070
  95%  111078
  98%  111084
  99%  111086
 100%  111088 (longest request)
