This is ApacheBench, Version 2.3 <$Revision: 1879490 $>
Copyright 1996 Adam Twiss, Zeus Technology Ltd, http://www.zeustech.net/
Licensed to The Apache Software Foundation, http://www.apache.org/

Benchmarking 0.0.0.0 (be patient)


Server Software:        myserver/1.0
Server Hostname:        0.0.0.0
Server Port:            9443
SSL/TLS Protocol:       TLSv1.2,ECDHE-RSA-AES256-GCM-SHA384,2048,256
Server Temp Key:        X25519 253 bits

Document Path:          /
Document Length:        Variable

Concurrency Level:      150
Time taken for tests:   140.185 seconds
Complete requests:      1000
Failed requests:        0
Total transferred:      127449 bytes
HTML transferred:       30345 bytes
Requests per second:    7.13 [#/sec] (mean)
Time per request:       21027.680 [ms] (mean)
Time per request:       140.185 [ms] (mean, across all concurrent requests)
Transfer rate:          0.89 [Kbytes/sec] received

Connection Times (ms)
              min  mean[+/-sd] median   max
Connect:        0 1650 4489.7    265   66021
Processing:     2 15628 38991.1    335  115134
Waiting:        0  298 307.2    200    1553
Total:         15 17278 38607.6   1251  115134

Percentage of the requests served within a certain time (ms)
  50%   1251
  66%   2195
  75%   3966
  80%   7587
  90%  115125
  95%  115129
  98%  115132
  99%  115133
 100%  115134 (longest request)
