This is ApacheBench, Version 2.3 <$Revision: 1879490 $>
Copyright 1996 Adam Twiss, Zeus Technology Ltd, http://www.zeustech.net/
Licensed to The Apache Software Foundation, http://www.apache.org/

Benchmarking 0.0.0.0 (be patient)


Server Software:        myserver/1.0
Server Hostname:        0.0.0.0
Server Port:            8892

Document Path:          /
Document Length:        35 bytes

Concurrency Level:      150
Time taken for tests:   229.259 seconds
Complete requests:      1000
Failed requests:        654
   (Connect: 0, Receive: 218, Length: 218, Exceptions: 218)
Total transferred:      116130 bytes
HTML transferred:       27650 bytes
Requests per second:    4.36 [#/sec] (mean)
Time per request:       34388.804 [ms] (mean)
Time per request:       229.259 [ms] (mean, across all concurrent requests)
Transfer rate:          0.49 [Kbytes/sec] received

Connection Times (ms)
              min  mean[+/-sd] median   max
Connect:        0 3204 6568.0   1016   64600
Processing:     9 26309 50146.0   1647  213761
Waiting:        0 1384 2728.7   1226   52044
Total:         49 29513 52117.7   2700  229216

Percentage of the requests served within a certain time (ms)
  50%   2700
  66%   5294
  75%  16567
  80%  108406
  90%  112495
  95%  112512
  98%  229189
  99%  229191
 100%  229216 (longest request)
