This is ApacheBench, Version 2.3 <$Revision: 1879490 $>
Copyright 1996 Adam Twiss, Zeus Technology Ltd, http://www.zeustech.net/
Licensed to The Apache Software Foundation, http://www.apache.org/

Benchmarking 0.0.0.0 (be patient)


Server Software:        myserver/1.0
Server Hostname:        0.0.0.0
Server Port:            8889

Document Path:          /
Document Length:        35 bytes

Concurrency Level:      100
Time taken for tests:   226.606 seconds
Complete requests:      1000
Failed requests:        312
   (Connect: 0, Receive: 104, Length: 104, Exceptions: 104)
Keep-Alive requests:    0
Total transferred:      132006 bytes
HTML transferred:       31430 bytes
Requests per second:    4.41 [#/sec] (mean)
Time per request:       22660.624 [ms] (mean)
Time per request:       226.606 [ms] (mean, across all concurrent requests)
Transfer rate:          0.57 [Kbytes/sec] received

Connection Times (ms)
              min  mean[+/-sd] median   max
Connect:        0 1387 3995.2      0   65604
Processing:     5 12820 34354.9    761  130497
Waiting:        0 1196 4485.2    471   58276
Total:          6 14207 35021.0   1208  130497

Percentage of the requests served within a certain time (ms)
  50%   1208
  66%   2051
  75%   3135
  80%   4527
  90%  108542
  95%  118057
  98%  118058
  99%  118059
 100%  130497 (longest request)
