This is ApacheBench, Version 2.3 <$Revision: 1879490 $>
Copyright 1996 Adam Twiss, Zeus Technology Ltd, http://www.zeustech.net/
Licensed to The Apache Software Foundation, http://www.apache.org/

Benchmarking 0.0.0.0 (be patient)


Server Software:        myserver/1.0
Server Hostname:        0.0.0.0
Server Port:            8443
SSL/TLS Protocol:       TLSv1.2,ECDHE-RSA-AES256-GCM-SHA384,2048,256
Server Temp Key:        X25519 253 bits

Document Path:          /
Document Length:        Variable

Concurrency Level:      10
Time taken for tests:   158.305 seconds
Complete requests:      1000
Failed requests:        0
Keep-Alive requests:    0
Total transferred:      147000 bytes
HTML transferred:       35000 bytes
Requests per second:    6.32 [#/sec] (mean)
Time per request:       1583.053 [ms] (mean)
Time per request:       158.305 [ms] (mean, across all concurrent requests)
Transfer rate:          0.91 [Kbytes/sec] received

Connection Times (ms)
              min  mean[+/-sd] median   max
Connect:        3 1089 3526.1    273   64468
Processing:     3  372 298.7    301    1976
Waiting:        1  352 287.7    286    1971
Total:         11 1462 3611.5    691   65505

Percentage of the requests served within a certain time (ms)
  50%    691
  66%   1172
  75%   1452
  80%   1665
  90%   2681
  95%   4177
  98%   8309
  99%  16889
 100%  65505 (longest request)
