This is ApacheBench, Version 2.3 <$Revision: 1879490 $>
Copyright 1996 Adam Twiss, Zeus Technology Ltd, http://www.zeustech.net/
Licensed to The Apache Software Foundation, http://www.apache.org/

Benchmarking 0.0.0.0 (be patient)


Server Software:        myserver/1.0
Server Hostname:        0.0.0.0
Server Port:            8443
SSL/TLS Protocol:       TLSv1.2,ECDHE-RSA-AES256-GCM-SHA384,2048,256
Server Temp Key:        X25519 253 bits

Document Path:          /
Document Length:        Variable

Concurrency Level:      50
Time taken for tests:   144.999 seconds
Complete requests:      1000
Failed requests:        0
Keep-Alive requests:    0
Total transferred:      142149 bytes
HTML transferred:       33845 bytes
Requests per second:    6.90 [#/sec] (mean)
Time per request:       7249.965 [ms] (mean)
Time per request:       144.999 [ms] (mean, across all concurrent requests)
Transfer rate:          0.96 [Kbytes/sec] received

Connection Times (ms)
              min  mean[+/-sd] median   max
Connect:        0 1710 5355.6    347   66486
Processing:     2 3945 19430.1    301  109063
Waiting:        0  327 276.8    254    1329
Total:         11 5655 19864.1    962  109063

Percentage of the requests served within a certain time (ms)
  50%    962
  66%   1467
  75%   1921
  80%   2463
  90%   4657
  95%  16732
  98%  109060
  99%  109062
 100%  109063 (longest request)
