This is ApacheBench, Version 2.3 <$Revision: 1879490 $>
Copyright 1996 Adam Twiss, Zeus Technology Ltd, http://www.zeustech.net/
Licensed to The Apache Software Foundation, http://www.apache.org/

Benchmarking 0.0.0.0 (be patient)


Server Software:        myserver/1.0
Server Hostname:        0.0.0.0
Server Port:            8443
SSL/TLS Protocol:       TLSv1.2,ECDHE-RSA-AES256-GCM-SHA384,2048,256
Server Temp Key:        X25519 253 bits

Document Path:          /
Document Length:        Variable

Concurrency Level:      100
Time taken for tests:   130.072 seconds
Complete requests:      1000
Failed requests:        0
Keep-Alive requests:    0
Total transferred:      135240 bytes
HTML transferred:       32200 bytes
Requests per second:    7.69 [#/sec] (mean)
Time per request:       13007.161 [ms] (mean)
Time per request:       130.072 [ms] (mean, across all concurrent requests)
Transfer rate:          1.02 [Kbytes/sec] received

Connection Times (ms)
              min  mean[+/-sd] median   max
Connect:        0 1708 5362.0    273   67114
Processing:     2 9183 30010.5    309  110909
Waiting:        0  293 259.3    230    1380
Total:         16 10891 29995.8   1006  110909

Percentage of the requests served within a certain time (ms)
  50%   1006
  66%   1559
  75%   2174
  80%   3465
  90%  16251
  95%  110897
  98%  110905
  99%  110907
 100%  110909 (longest request)
